{
  "RSpec": {
    "coverage": {
      "/home/lucas/Documents/projects/rcurtain/lib/rcurtain.rb": [
        1,
        1,
        1,
        1,
        null,
        1,
        1,
        1,
        null,
        1,
        7,
        null,
        null,
        1,
        76,
        null,
        null,
        1,
        5,
        5,
        null,
        null,
        1,
        30,
        null,
        null,
        null
      ],
      "/home/lucas/Documents/projects/rcurtain/lib/rcurtain/feature.rb": [
        1,
        null,
        1,
        null,
        1,
        1,
        null,
        1,
        1,
        null,
        null,
        1,
        8,
        8,
        9,
        null,
        null,
        1,
        null,
        null,
        1,
        5,
        5,
        6,
        null,
        null,
        1,
        null,
        null,
        1,
        5,
        5,
        null,
        1,
        null,
        null,
        1,
        3,
        3,
        null,
        1,
        null,
        null,
        1,
        4,
        4,
        null,
        1,
        null,
        null,
        1,
        9,
        9,
        null,
        1,
        null,
        null,
        1,
        6,
        6,
        null,
        2,
        null,
        null,
        1,
        3,
        3,
        null,
        1,
        null,
        null,
        1,
        null,
        1,
        43,
        43,
        null,
        null,
        null
      ],
      "/home/lucas/Documents/projects/rcurtain/lib/rcurtain/curtain.rb": [
        1,
        null,
        1,
        null,
        1,
        1,
        null,
        1,
        1,
        null,
        null,
        1,
        null,
        2,
        null,
        null,
        1,
        null,
        1,
        null,
        7,
        5,
        null,
        null,
        1,
        2,
        2,
        2,
        null,
        null,
        1,
        3,
        3,
        3,
        null,
        null,
        1,
        5,
        null,
        null,
        null
      ],
      "/home/lucas/Documents/projects/rcurtain/lib/rcurtain/configuration.rb": [
        1,
        null,
        1,
        1,
        null,
        null,
        1,
        5,
        5,
        5,
        5,
        null,
        null,
        null
      ]
    },
    "timestamp": 1530755128
  }
}
