{
  "RSpec": {
    "coverage": {
      "/Users/lucas.queiroz/Documents/projects/rcurtain/lib/rcurtain.rb": [
        1,
        1,
        1,
        1,
        null,
        null,
        1,
        1,
        1,
        null,
        1,
        11,
        null,
        null,
        1,
        88,
        null,
        null,
        1,
        5,
        5,
        null,
        null,
        1,
        37,
        null,
        null,
        null
      ],
      "/Users/lucas.queiroz/Documents/projects/rcurtain/lib/rcurtain/feature.rb": [
        1,
        null,
        1,
        null,
        1,
        1,
        null,
        1,
        1,
        null,
        null,
        1,
        8,
        8,
        9,
        null,
        null,
        1,
        null,
        null,
        1,
        5,
        5,
        6,
        null,
        null,
        1,
        null,
        null,
        1,
        8,
        8,
        null,
        1,
        null,
        null,
        1,
        3,
        3,
        null,
        1,
        null,
        null,
        1,
        4,
        4,
        null,
        1,
        null,
        null,
        1,
        9,
        9,
        null,
        1,
        null,
        null,
        1,
        10,
        10,
        null,
        2,
        null,
        null,
        1,
        3,
        3,
        null,
        1,
        null,
        null,
        1,
        null,
        1,
        50,
        50,
        null,
        null,
        null
      ],
      "/Users/lucas.queiroz/Documents/projects/rcurtain/lib/rcurtain/curtain.rb": [
        1,
        null,
        1,
        null,
        1,
        1,
        null,
        1,
        2,
        null,
        null,
        null,
        1,
        null,
        1,
        5,
        7,
        null,
        null,
        null,
        1,
        4,
        4,
        4,
        null,
        null,
        1,
        7,
        7,
        7,
        null,
        null,
        1,
        5,
        null,
        null,
        null
      ],
      "/Users/lucas.queiroz/Documents/projects/rcurtain/lib/rcurtain/configuration.rb": [
        1,
        null,
        1,
        1,
        null,
        null,
        1,
        5,
        5,
        5,
        5,
        null,
        null,
        null
      ]
    },
    "timestamp": 1530879877
  }
}
